############# Iteration:  1 #############
[0.7687971601671296, 0.0014985232846615093, 37]   fit:  3364.8571428571427
[0.9787799898376737, 0.005735790228577924, 50]   fit:  3771.0
[0.8948629122251266, 0.00962996149698907, 50]   fit:  3892.0
[0.7298035631836713, 0.006940282060492551, 35]   fit:  3948.1428571428573 
[0.7687971601671296, 0.005123621642167196, 50]   fit:  4502.142857142857  
[0.9671281953389104, 0.005658034693910954, 40]   fit:  4535.571428571428  
[0.7687971601671296, 0.0014985232846615093, 46]   fit:  4586.285714285715
[0.6510518162427907, 0.009259008273511235, 33]   fit:  4654.857142857143
[0.9285093397231102, 0.0035913490816207438, 37]   fit:  4879.285714285715
[0.9787799898376737, 0.005735790228577924, 32]   fit:  5241.428571428572
[0.7298035631836713, 0.006940282060492551, 37]   fit:  5303.142857142857
[0.9671281953389104, 0.003889326622705187, 32]   fit:  5312.0
Best one:
Pc: 0.7687971601671296, Pm: 0.0014985232846615093, NUM_CHROME: 37 fit:  3364.8571428571427
############# Iteration:  2 #############
[0.7687971601671296, 0.0014985232846615093, 37]   fit:  3364.8571428571427
[0.9787799898376737, 0.005735790228577924, 50]   fit:  3771.0
[0.7298035631836713, 0.006940282060492551, 50]   fit:  3881.285714285714
[0.8948629122251266, 0.00962996149698907, 50]   fit:  3892.0
[0.7298035631836713, 0.006940282060492551, 35]   fit:  3948.1428571428573
[0.8948629122251266, 0.0015057403037730243, 50]   fit:  4412.857142857143
[0.6510518162427907, 0.009259008273511235, 50]   fit:  4413.285714285715
[0.8948629122251266, 0.00962996149698907, 50]   fit:  4427.0
[0.9787799898376737, 0.005735790228577924, 37]   fit:  4462.714285714285
[0.7687971601671296, 0.005123621642167196, 50]   fit:  4502.142857142857
[0.9671281953389104, 0.005658034693910954, 40]   fit:  4535.571428571428
[0.7687971601671296, 0.0014985232846615093, 46]   fit:  4586.285714285715
Best one:
Pc: 0.7687971601671296, Pm: 0.0014985232846615093, NUM_CHROME: 37 fit:  3364.8571428571427
############# Iteration:  3 #############
[0.9787799898376737, 0.005735790228577924, 50]   fit:  3076.714285714286
[0.7687971601671296, 0.0014985232846615093, 37]   fit:  3364.8571428571427
[0.9787799898376737, 0.005735790228577924, 50]   fit:  3771.0
[0.7298035631836713, 0.006940282060492551, 50]   fit:  3881.285714285714
[0.8948629122251266, 0.00962996149698907, 50]   fit:  3892.0
[0.7298035631836713, 0.006940282060492551, 35]   fit:  3948.1428571428573
[0.7298035631836713, 0.006940282060492551, 50]   fit:  4272.285714285715
[0.8948629122251266, 0.0014985232846615093, 37]   fit:  4398.714285714285
[0.8948629122251266, 0.0015057403037730243, 50]   fit:  4412.857142857143
[0.6510518162427907, 0.009259008273511235, 50]   fit:  4413.285714285715
[0.8948629122251266, 0.00962996149698907, 50]   fit:  4427.0
[0.9787799898376737, 0.005735790228577924, 37]   fit:  4462.714285714285
Best one:
Pc: 0.9787799898376737, Pm: 0.005735790228577924, NUM_CHROME: 50 fit:  3076.714285714286
############# Iteration:  4 #############
[0.9787799898376737, 0.005735790228577924, 50]   fit:  3076.714285714286
[0.7687971601671296, 0.0014985232846615093, 37]   fit:  3364.8571428571427
[0.7298035631836713, 0.006940282060492551, 50]   fit:  3421.1428571428573
[0.9787799898376737, 0.005735790228577924, 50]   fit:  3771.0
[0.7298035631836713, 0.006940282060492551, 50]   fit:  3881.285714285714
[0.8948629122251266, 0.00962996149698907, 50]   fit:  3892.0
[0.7298035631836713, 0.006940282060492551, 35]   fit:  3948.1428571428573
[0.7687971601671296, 0.0014985232846615093, 50]   fit:  4108.285714285715
[0.7298035631836713, 0.006940282060492551, 50]   fit:  4227.142857142857
[0.7298035631836713, 0.006940282060492551, 50]   fit:  4272.285714285715
[0.8948629122251266, 0.0014985232846615093, 37]   fit:  4398.714285714285
[0.8948629122251266, 0.0015057403037730243, 50]   fit:  4412.857142857143
Best one:
Pc: 0.9787799898376737, Pm: 0.005735790228577924, NUM_CHROME: 50 fit:  3076.714285714286
############# Iteration:  5 #############
[0.7298035631836713, 0.00962996149698907, 50]   fit:  2728.4285714285716
[0.9787799898376737, 0.005735790228577924, 50]   fit:  3076.714285714286
[0.8948629122251266, 0.00962996149698907, 50]   fit:  3357.714285714286
[0.7687971601671296, 0.0014985232846615093, 37]   fit:  3364.8571428571427
[0.7298035631836713, 0.006940282060492551, 50]   fit:  3421.1428571428573
[0.9787799898376737, 0.005735790228577924, 50]   fit:  3710.714285714286
[0.9787799898376737, 0.005735790228577924, 50]   fit:  3771.0
[0.7298035631836713, 0.006940282060492551, 50]   fit:  3881.285714285714
[0.8948629122251266, 0.00962996149698907, 50]   fit:  3892.0
[0.8948629122251266, 0.00962996149698907, 50]   fit:  3913.285714285714
[0.7298035631836713, 0.006940282060492551, 35]   fit:  3948.1428571428573
[0.7687971601671296, 0.0014985232846615093, 50]   fit:  4108.285714285715
Best one:
Pc: 0.7298035631836713, Pm: 0.00962996149698907, NUM_CHROME: 50 fit:  2728.4285714285716
############# Iteration:  6 #############
[0.7298035631836713, 0.00962996149698907, 50]   fit:  2728.4285714285716
[0.9787799898376737, 0.005735790228577924, 50]   fit:  3076.714285714286
[0.7298035631836713, 0.00962996149698907, 50]   fit:  3257.4285714285716
[0.8948629122251266, 0.00962996149698907, 50]   fit:  3357.714285714286
[0.7687971601671296, 0.0014985232846615093, 37]   fit:  3364.8571428571427
[0.7298035631836713, 0.006940282060492551, 50]   fit:  3421.1428571428573
[0.7298035631836713, 0.006940282060492551, 50]   fit:  3442.4285714285716
[0.9787799898376737, 0.00962996149698907, 50]   fit:  3649.5714285714284
[0.7298035631836713, 0.00962996149698907, 50]   fit:  3692.4285714285716
[0.9787799898376737, 0.005735790228577924, 50]   fit:  3710.714285714286
[0.9787799898376737, 0.005735790228577924, 50]   fit:  3771.0
[0.7298035631836713, 0.00962996149698907, 50]   fit:  3829.714285714286
Best one:
Pc: 0.7298035631836713, Pm: 0.00962996149698907, NUM_CHROME: 50 fit:  2728.4285714285716
############# Iteration:  7 #############
[0.7298035631836713, 0.00962996149698907, 50]   fit:  2728.4285714285716
[0.7298035631836713, 0.006940282060492551, 50]   fit:  2968.0
[0.9787799898376737, 0.005735790228577924, 50]   fit:  3076.714285714286
[0.7298035631836713, 0.00962996149698907, 50]   fit:  3257.4285714285716
[0.8948629122251266, 0.00962996149698907, 50]   fit:  3357.714285714286
[0.7687971601671296, 0.0014985232846615093, 37]   fit:  3364.8571428571427
[0.7298035631836713, 0.006940282060492551, 50]   fit:  3421.1428571428573
[0.7298035631836713, 0.006940282060492551, 50]   fit:  3442.4285714285716
[0.7298035631836713, 0.00962996149698907, 50]   fit:  3572.285714285714
[0.9787799898376737, 0.00962996149698907, 50]   fit:  3649.5714285714284
[0.7298035631836713, 0.00962996149698907, 50]   fit:  3692.4285714285716
[0.9787799898376737, 0.005735790228577924, 50]   fit:  3710.714285714286
Best one:
Pc: 0.7298035631836713, Pm: 0.00962996149698907, NUM_CHROME: 50 fit:  2728.4285714285716
############# Iteration:  8 #############
[0.7298035631836713, 0.00962996149698907, 50]   fit:  2728.4285714285716
[0.7298035631836713, 0.006940282060492551, 50]   fit:  2968.0
[0.9787799898376737, 0.005735790228577924, 50]   fit:  3076.714285714286
[0.7298035631836713, 0.00962996149698907, 50]   fit:  3257.4285714285716
[0.7298035631836713, 0.00962996149698907, 50]   fit:  3278.714285714286
[0.8948629122251266, 0.00962996149698907, 50]   fit:  3357.714285714286
[0.7687971601671296, 0.0014985232846615093, 37]   fit:  3364.8571428571427
[0.7298035631836713, 0.006940282060492551, 50]   fit:  3421.1428571428573
[0.7298035631836713, 0.006940282060492551, 50]   fit:  3442.4285714285716
[0.7298035631836713, 0.00962996149698907, 50]   fit:  3572.285714285714
[0.7298035631836713, 0.005735790228577924, 50]   fit:  3615.285714285714
[0.9787799898376737, 0.00962996149698907, 50]   fit:  3649.5714285714284
Best one:
Pc: 0.7298035631836713, Pm: 0.00962996149698907, NUM_CHROME: 50 fit:  2728.4285714285716
############# Iteration:  9 #############
[0.7298035631836713, 0.00962996149698907, 50]   fit:  2728.4285714285716
[0.7298035631836713, 0.006940282060492551, 50]   fit:  2968.0
[0.9787799898376737, 0.005735790228577924, 50]   fit:  3076.714285714286
[0.7298035631836713, 0.00962996149698907, 50]   fit:  3257.4285714285716
[0.7298035631836713, 0.00962996149698907, 50]   fit:  3278.714285714286
[0.8948629122251266, 0.00962996149698907, 50]   fit:  3357.714285714286
[0.7687971601671296, 0.0014985232846615093, 37]   fit:  3364.8571428571427
[0.7298035631836713, 0.006940282060492551, 50]   fit:  3401.4285714285716
[0.7298035631836713, 0.006940282060492551, 50]   fit:  3421.1428571428573
[0.7298035631836713, 0.006940282060492551, 50]   fit:  3442.4285714285716
[0.9840080531952883, 0.00962996149698907, 50]   fit:  3559.714285714286
[0.7298035631836713, 0.00962996149698907, 50]   fit:  3572.285714285714
Best one:
Pc: 0.7298035631836713, Pm: 0.00962996149698907, NUM_CHROME: 50 fit:  2728.4285714285716
############# Iteration:  10 #############
[0.7298035631836713, 0.00962996149698907, 50]   fit:  2728.4285714285716
[0.7298035631836713, 0.006940282060492551, 50]   fit:  2968.0
[0.9787799898376737, 0.005735790228577924, 50]   fit:  3076.714285714286
[0.7298035631836713, 0.00962996149698907, 50]   fit:  3257.4285714285716
[0.7298035631836713, 0.00962996149698907, 50]   fit:  3278.714285714286
[0.8948629122251266, 0.00962996149698907, 50]   fit:  3357.714285714286
[0.7687971601671296, 0.0014985232846615093, 37]   fit:  3364.8571428571427
[0.7298035631836713, 0.006940282060492551, 50]   fit:  3401.4285714285716
[0.7298035631836713, 0.006940282060492551, 50]   fit:  3421.1428571428573
[0.7298035631836713, 0.006940282060492551, 50]   fit:  3442.4285714285716
[0.9840080531952883, 0.00962996149698907, 50]   fit:  3559.714285714286
[0.7298035631836713, 0.00962996149698907, 50]   fit:  3572.285714285714
Best one:
Pc: 0.7298035631836713, Pm: 0.00962996149698907, NUM_CHROME: 50 fit:  2728.4285714285716
############# Iteration:  11 #############
[0.7298035631836713, 0.00962996149698907, 50]   fit:  2728.4285714285716
[0.7298035631836713, 0.006940282060492551, 50]   fit:  2968.0
[0.9787799898376737, 0.005735790228577924, 50]   fit:  3076.714285714286
[0.9787799898376737, 0.0014985232846615093, 37]   fit:  3166.5714285714284
[0.7298035631836713, 0.00962996149698907, 50]   fit:  3257.4285714285716
[0.7298035631836713, 0.00962996149698907, 50]   fit:  3278.714285714286
[0.8948629122251266, 0.00962996149698907, 50]   fit:  3357.714285714286
[0.7687971601671296, 0.0014985232846615093, 37]   fit:  3364.8571428571427
[0.7298035631836713, 0.006940282060492551, 50]   fit:  3401.4285714285716
[0.7298035631836713, 0.006940282060492551, 50]   fit:  3421.1428571428573
[0.7298035631836713, 0.006940282060492551, 50]   fit:  3442.4285714285716
[0.7687971601671296, 0.00962996149698907, 50]   fit:  3470.5714285714284
Best one:
Pc: 0.7298035631836713, Pm: 0.00962996149698907, NUM_CHROME: 50 fit:  2728.4285714285716
############# Iteration:  12 #############
[0.7298035631836713, 0.00962996149698907, 50]   fit:  2728.4285714285716
[0.7298035631836713, 0.006940282060492551, 50]   fit:  2968.0
[0.9787799898376737, 0.005735790228577924, 50]   fit:  3076.714285714286
[0.9787799898376737, 0.0014985232846615093, 37]   fit:  3166.5714285714284
[0.7298035631836713, 0.00962996149698907, 50]   fit:  3257.4285714285716
[0.7298035631836713, 0.00962996149698907, 50]   fit:  3278.714285714286
[0.7298035631836713, 0.006940282060492551, 50]   fit:  3297.1428571428573
[0.8948629122251266, 0.00962996149698907, 50]   fit:  3357.714285714286
[0.7687971601671296, 0.0014985232846615093, 37]   fit:  3364.8571428571427
[0.7298035631836713, 0.006940282060492551, 50]   fit:  3401.4285714285716
[0.7298035631836713, 0.006940282060492551, 50]   fit:  3421.1428571428573
[0.7298035631836713, 0.006940282060492551, 50]   fit:  3442.4285714285716
Best one:
Pc: 0.7298035631836713, Pm: 0.00962996149698907, NUM_CHROME: 50 fit:  2728.4285714285716
############# Iteration:  13 #############
[0.7298035631836713, 0.00962996149698907, 50]   fit:  2728.4285714285716
[0.7298035631836713, 0.006940282060492551, 50]   fit:  2968.0
[0.9787799898376737, 0.005735790228577924, 50]   fit:  3076.714285714286
[0.9787799898376737, 0.0014985232846615093, 37]   fit:  3166.5714285714284
[0.7298035631836713, 0.00962996149698907, 50]   fit:  3257.4285714285716
[0.7298035631836713, 0.00962996149698907, 50]   fit:  3278.714285714286
[0.7298035631836713, 0.006940282060492551, 50]   fit:  3297.1428571428573
[0.8948629122251266, 0.00962996149698907, 50]   fit:  3357.714285714286
[0.7687971601671296, 0.0014985232846615093, 37]   fit:  3364.8571428571427
[0.7298035631836713, 0.006940282060492551, 50]   fit:  3401.4285714285716
[0.7298035631836713, 0.006940282060492551, 50]   fit:  3421.1428571428573
[0.7298035631836713, 0.006940282060492551, 50]   fit:  3442.4285714285716
Best one:
Pc: 0.7298035631836713, Pm: 0.00962996149698907, NUM_CHROME: 50 fit:  2728.4285714285716
############# Iteration:  14 #############
[0.7298035631836713, 0.00962996149698907, 50]   fit:  2728.4285714285716
[0.7298035631836713, 0.006940282060492551, 50]   fit:  2968.0
[0.9787799898376737, 0.005735790228577924, 50]   fit:  3076.714285714286
[0.9787799898376737, 0.0014985232846615093, 37]   fit:  3166.5714285714284
[0.7298035631836713, 0.00962996149698907, 50]   fit:  3257.4285714285716
[0.7298035631836713, 0.00962996149698907, 50]   fit:  3278.714285714286
[0.9787799898376737, 0.0014985232846615093, 50]   fit:  3279.8571428571427
[0.7298035631836713, 0.006940282060492551, 50]   fit:  3297.1428571428573
[0.7298035631836713, 0.00962996149698907, 50]   fit:  3315.0
[0.8948629122251266, 0.00962996149698907, 50]   fit:  3357.714285714286
[0.7687971601671296, 0.0014985232846615093, 37]   fit:  3364.8571428571427
[0.7298035631836713, 0.00962996149698907, 50]   fit:  3377.714285714286
Best one:
Pc: 0.7298035631836713, Pm: 0.00962996149698907, NUM_CHROME: 50 fit:  2728.4285714285716
############# Iteration:  15 #############
[0.7298035631836713, 0.00962996149698907, 50]   fit:  2728.4285714285716
[0.7298035631836713, 0.006940282060492551, 50]   fit:  2968.0
[0.9787799898376737, 0.005735790228577924, 50]   fit:  3076.714285714286
[0.9787799898376737, 0.0014985232846615093, 37]   fit:  3166.5714285714284
[0.7298035631836713, 0.00962996149698907, 50]   fit:  3257.4285714285716
[0.7298035631836713, 0.00962996149698907, 50]   fit:  3278.714285714286
[0.9787799898376737, 0.0014985232846615093, 50]   fit:  3279.8571428571427
[0.7298035631836713, 0.006940282060492551, 50]   fit:  3297.1428571428573
[0.7298035631836713, 0.00962996149698907, 50]   fit:  3315.0
[0.8948629122251266, 0.00962996149698907, 50]   fit:  3357.714285714286
[0.7687971601671296, 0.0014985232846615093, 37]   fit:  3364.8571428571427
[0.7298035631836713, 0.00962996149698907, 50]   fit:  3377.714285714286
Best one:
Pc: 0.7298035631836713, Pm: 0.00962996149698907, NUM_CHROME: 50 fit:  2728.4285714285716
############# Iteration:  16 #############
[0.7298035631836713, 0.00962996149698907, 50]   fit:  2728.4285714285716
[0.7298035631836713, 0.006940282060492551, 50]   fit:  2968.0
[0.9787799898376737, 0.005735790228577924, 50]   fit:  3076.714285714286
[0.9787799898376737, 0.0014985232846615093, 37]   fit:  3166.5714285714284
[0.7298035631836713, 0.00962996149698907, 50]   fit:  3222.714285714286
[0.7298035631836713, 0.00962996149698907, 50]   fit:  3257.4285714285716
[0.7298035631836713, 0.00962996149698907, 50]   fit:  3278.714285714286
[0.9787799898376737, 0.0014985232846615093, 50]   fit:  3279.8571428571427
[0.7298035631836713, 0.006940282060492551, 50]   fit:  3297.1428571428573
[0.7298035631836713, 0.00962996149698907, 50]   fit:  3315.0
[0.8948629122251266, 0.00962996149698907, 50]   fit:  3357.714285714286
[0.7687971601671296, 0.0014985232846615093, 37]   fit:  3364.8571428571427
Best one:
Pc: 0.7298035631836713, Pm: 0.00962996149698907, NUM_CHROME: 50 fit:  2728.4285714285716
############# Iteration:  17 #############
[0.7298035631836713, 0.00962996149698907, 50]   fit:  2728.4285714285716
[0.7298035631836713, 0.006940282060492551, 50]   fit:  2968.0
[0.7298035631836713, 0.006940282060492551, 50]   fit:  3024.714285714286
[0.9787799898376737, 0.005735790228577924, 50]   fit:  3076.714285714286
[0.9787799898376737, 0.0014985232846615093, 37]   fit:  3166.5714285714284
[0.7298035631836713, 0.00962996149698907, 50]   fit:  3222.714285714286
[0.7298035631836713, 0.00962996149698907, 50]   fit:  3257.4285714285716
[0.7298035631836713, 0.00962996149698907, 50]   fit:  3278.714285714286
[0.9787799898376737, 0.0014985232846615093, 50]   fit:  3279.8571428571427
[0.7298035631836713, 0.006940282060492551, 50]   fit:  3297.1428571428573
[0.7298035631836713, 0.00962996149698907, 50]   fit:  3315.0
[0.8948629122251266, 0.00962996149698907, 50]   fit:  3357.714285714286
Best one:
Pc: 0.7298035631836713, Pm: 0.00962996149698907, NUM_CHROME: 50 fit:  2728.4285714285716
############# Iteration:  18 #############
[0.7298035631836713, 0.00962996149698907, 50]   fit:  2728.4285714285716
[0.7298035631836713, 0.006940282060492551, 50]   fit:  2968.0
[0.7298035631836713, 0.006940282060492551, 50]   fit:  3024.714285714286
[0.9787799898376737, 0.005735790228577924, 50]   fit:  3076.714285714286
[0.9787799898376737, 0.0014985232846615093, 37]   fit:  3166.5714285714284
[0.7298035631836713, 0.00962996149698907, 50]   fit:  3222.714285714286
[0.7298035631836713, 0.00962996149698907, 50]   fit:  3257.4285714285716
[0.7298035631836713, 0.00962996149698907, 50]   fit:  3267.714285714286
[0.7298035631836713, 0.00962996149698907, 50]   fit:  3278.714285714286
[0.9787799898376737, 0.0014985232846615093, 50]   fit:  3279.8571428571427
[0.7298035631836713, 0.006940282060492551, 50]   fit:  3297.1428571428573
[0.7298035631836713, 0.00962996149698907, 50]   fit:  3315.0
Best one:
Pc: 0.7298035631836713, Pm: 0.00962996149698907, NUM_CHROME: 50 fit:  2728.4285714285716
############# Iteration:  19 #############
[0.7298035631836713, 0.00962996149698907, 50]   fit:  2728.4285714285716
[0.7298035631836713, 0.006940282060492551, 50]   fit:  2968.0
[0.7298035631836713, 0.006940282060492551, 50]   fit:  3024.714285714286
[0.9787799898376737, 0.005735790228577924, 50]   fit:  3076.714285714286
[0.9787799898376737, 0.0014985232846615093, 37]   fit:  3166.5714285714284
[0.7298035631836713, 0.00962996149698907, 50]   fit:  3222.714285714286
[0.7298035631836713, 0.00962996149698907, 50]   fit:  3257.4285714285716
[0.7298035631836713, 0.00962996149698907, 50]   fit:  3267.714285714286
[0.7298035631836713, 0.00962996149698907, 50]   fit:  3278.714285714286
[0.9787799898376737, 0.0014985232846615093, 50]   fit:  3279.8571428571427
[0.7298035631836713, 0.006940282060492551, 50]   fit:  3297.1428571428573
[0.7298035631836713, 0.00962996149698907, 50]   fit:  3315.0
Best one:
Pc: 0.7298035631836713, Pm: 0.00962996149698907, NUM_CHROME: 50 fit:  2728.4285714285716
############# Iteration:  20 #############
[0.7298035631836713, 0.00962996149698907, 50]   fit:  2728.4285714285716
[0.7298035631836713, 0.006940282060492551, 50]   fit:  2968.0
[0.7298035631836713, 0.006940282060492551, 50]   fit:  3024.714285714286
[0.9787799898376737, 0.005735790228577924, 50]   fit:  3076.714285714286
[0.9787799898376737, 0.0014985232846615093, 37]   fit:  3166.5714285714284
[0.7298035631836713, 0.00962996149698907, 50]   fit:  3222.714285714286
[0.7298035631836713, 0.00962996149698907, 50]   fit:  3257.4285714285716
[0.7298035631836713, 0.00962996149698907, 50]   fit:  3267.714285714286
[0.7298035631836713, 0.00962996149698907, 50]   fit:  3278.714285714286
[0.9787799898376737, 0.0014985232846615093, 50]   fit:  3279.8571428571427
[0.7298035631836713, 0.006940282060492551, 50]   fit:  3297.1428571428573
[0.7298035631836713, 0.00962996149698907, 50]   fit:  3315.0
Best one:
Pc: 0.7298035631836713, Pm: 0.00962996149698907, NUM_CHROME: 50 fit:  2728.4285714285716